2026-01-21 17:05:06,201 [DEBUG] orchay.ui.app: _on_auto_refresh: _tick 시작 (paused=True)
2026-01-21 17:05:06,202 [DEBUG] orchay.main: _tick 시작
2026-01-21 17:05:06,280 [DEBUG] orchay.application.task_service: Task 병합 완료: 39개
2026-01-21 17:05:06,281 [DEBUG] orchay.application.worker_service: Worker 1: 상태 감지 시작 (현재=idle, task=None, has_active_task=False)
2026-01-21 17:05:06,291 [DEBUG] orchay.application.worker_service: Worker 1: 감지 결과 state=idle, info=None
2026-01-21 17:05:06,291 [DEBUG] orchay.application.worker_service: Worker 2: 상태 감지 시작 (현재=idle, task=None, has_active_task=False)
2026-01-21 17:05:06,299 [DEBUG] orchay.application.worker_service: Worker 2: 감지 결과 state=idle, info=None
2026-01-21 17:05:06,299 [DEBUG] orchay.application.worker_service: Worker 3: 상태 감지 시작 (현재=idle, task=None, has_active_task=False)
2026-01-21 17:05:06,308 [DEBUG] orchay.application.worker_service: Worker 3: 감지 결과 state=idle, info=None
2026-01-21 17:05:06,308 [DEBUG] orchay.application.worker_service: Worker 4: 상태 감지 시작 (현재=busy, task=None, has_active_task=False)
2026-01-21 17:05:06,317 [DEBUG] orchay.application.worker_service: Worker 4: 감지 결과 state=busy, info=None
2026-01-21 17:05:16,206 [DEBUG] orchay.ui.app: _on_auto_refresh: _tick 시작 (paused=True)
2026-01-21 17:05:16,206 [DEBUG] orchay.main: _tick 시작
2026-01-21 17:05:16,286 [DEBUG] orchay.application.task_service: Task 병합 완료: 39개
2026-01-21 17:05:16,286 [DEBUG] orchay.application.worker_service: Worker 1: 상태 감지 시작 (현재=idle, task=None, has_active_task=False)
2026-01-21 17:05:16,295 [DEBUG] orchay.application.worker_service: Worker 1: 감지 결과 state=idle, info=None
2026-01-21 17:05:16,295 [DEBUG] orchay.application.worker_service: Worker 2: 상태 감지 시작 (현재=idle, task=None, has_active_task=False)
2026-01-21 17:05:16,303 [DEBUG] orchay.application.worker_service: Worker 2: 감지 결과 state=idle, info=None
2026-01-21 17:05:16,303 [DEBUG] orchay.application.worker_service: Worker 3: 상태 감지 시작 (현재=idle, task=None, has_active_task=False)
2026-01-21 17:05:16,311 [DEBUG] orchay.application.worker_service: Worker 3: 감지 결과 state=idle, info=None
2026-01-21 17:05:16,312 [DEBUG] orchay.application.worker_service: Worker 4: 상태 감지 시작 (현재=busy, task=None, has_active_task=False)
2026-01-21 17:05:16,321 [DEBUG] orchay.application.worker_service: Worker 4: 감지 결과 state=busy, info=None
2026-01-21 17:05:26,205 [DEBUG] orchay.ui.app: _on_auto_refresh: _tick 시작 (paused=True)
2026-01-21 17:05:26,206 [DEBUG] orchay.main: _tick 시작
2026-01-21 17:05:26,306 [DEBUG] orchay.application.task_service: Task 병합 완료: 39개
2026-01-21 17:05:26,306 [DEBUG] orchay.application.worker_service: Worker 1: 상태 감지 시작 (현재=idle, task=None, has_active_task=False)
2026-01-21 17:05:26,314 [DEBUG] orchay.application.worker_service: Worker 1: 감지 결과 state=idle, info=None
2026-01-21 17:05:26,314 [DEBUG] orchay.application.worker_service: Worker 2: 상태 감지 시작 (현재=idle, task=None, has_active_task=False)
2026-01-21 17:05:26,322 [DEBUG] orchay.application.worker_service: Worker 2: 감지 결과 state=idle, info=None
2026-01-21 17:05:26,322 [DEBUG] orchay.application.worker_service: Worker 3: 상태 감지 시작 (현재=idle, task=None, has_active_task=False)
2026-01-21 17:05:26,330 [DEBUG] orchay.application.worker_service: Worker 3: 감지 결과 state=idle, info=None
2026-01-21 17:05:26,330 [DEBUG] orchay.application.worker_service: Worker 4: 상태 감지 시작 (현재=busy, task=None, has_active_task=False)
2026-01-21 17:05:26,339 [DEBUG] orchay.application.worker_service: Worker 4: 감지 결과 state=busy, info=None
2026-01-21 17:05:36,206 [DEBUG] orchay.ui.app: _on_auto_refresh: _tick 시작 (paused=True)
2026-01-21 17:05:36,206 [DEBUG] orchay.main: _tick 시작
2026-01-21 17:05:36,281 [DEBUG] orchay.application.task_service: Task 병합 완료: 39개
2026-01-21 17:05:36,281 [DEBUG] orchay.application.worker_service: Worker 1: 상태 감지 시작 (현재=idle, task=None, has_active_task=False)
2026-01-21 17:05:36,291 [DEBUG] orchay.application.worker_service: Worker 1: 감지 결과 state=idle, info=None
2026-01-21 17:05:36,291 [DEBUG] orchay.application.worker_service: Worker 2: 상태 감지 시작 (현재=idle, task=None, has_active_task=False)
2026-01-21 17:05:36,300 [DEBUG] orchay.application.worker_service: Worker 2: 감지 결과 state=idle, info=None
2026-01-21 17:05:36,300 [DEBUG] orchay.application.worker_service: Worker 3: 상태 감지 시작 (현재=idle, task=None, has_active_task=False)
2026-01-21 17:05:36,308 [DEBUG] orchay.application.worker_service: Worker 3: 감지 결과 state=idle, info=None
2026-01-21 17:05:36,308 [DEBUG] orchay.application.worker_service: Worker 4: 상태 감지 시작 (현재=busy, task=None, has_active_task=False)
2026-01-21 17:05:36,317 [DEBUG] orchay.application.worker_service: Worker 4: 감지 결과 state=busy, info=None
2026-01-21 17:05:46,205 [DEBUG] orchay.ui.app: _on_auto_refresh: _tick 시작 (paused=True)
2026-01-21 17:05:46,205 [DEBUG] orchay.main: _tick 시작
2026-01-21 17:05:46,282 [DEBUG] orchay.application.task_service: Task 병합 완료: 39개
2026-01-21 17:05:46,283 [DEBUG] orchay.application.worker_service: Worker 1: 상태 감지 시작 (현재=idle, task=None, has_active_task=False)
2026-01-21 17:05:46,293 [DEBUG] orchay.application.worker_service: Worker 1: 감지 결과 state=idle, info=None
2026-01-21 17:05:46,293 [DEBUG] orchay.application.worker_service: Worker 2: 상태 감지 시작 (현재=idle, task=None, has_active_task=False)
2026-01-21 17:05:46,301 [DEBUG] orchay.application.worker_service: Worker 2: 감지 결과 state=idle, info=None
2026-01-21 17:05:46,301 [DEBUG] orchay.application.worker_service: Worker 3: 상태 감지 시작 (현재=idle, task=None, has_active_task=False)
2026-01-21 17:05:46,311 [DEBUG] orchay.application.worker_service: Worker 3: 감지 결과 state=idle, info=None
2026-01-21 17:05:46,311 [DEBUG] orchay.application.worker_service: Worker 4: 상태 감지 시작 (현재=busy, task=None, has_active_task=False)
2026-01-21 17:05:46,322 [DEBUG] orchay.application.worker_service: Worker 4: 감지 결과 state=busy, info=None
2026-01-21 17:05:56,206 [DEBUG] orchay.ui.app: _on_auto_refresh: _tick 시작 (paused=True)
2026-01-21 17:05:56,206 [DEBUG] orchay.main: _tick 시작
2026-01-21 17:05:56,284 [DEBUG] orchay.application.task_service: Task 병합 완료: 39개
2026-01-21 17:05:56,284 [DEBUG] orchay.application.worker_service: Worker 1: 상태 감지 시작 (현재=idle, task=None, has_active_task=False)
2026-01-21 17:05:56,293 [DEBUG] orchay.application.worker_service: Worker 1: 감지 결과 state=idle, info=None
2026-01-21 17:05:56,293 [DEBUG] orchay.application.worker_service: Worker 2: 상태 감지 시작 (현재=idle, task=None, has_active_task=False)
2026-01-21 17:05:56,304 [DEBUG] orchay.application.worker_service: Worker 2: 감지 결과 state=idle, info=None
2026-01-21 17:05:56,304 [DEBUG] orchay.application.worker_service: Worker 3: 상태 감지 시작 (현재=idle, task=None, has_active_task=False)
2026-01-21 17:05:56,313 [DEBUG] orchay.application.worker_service: Worker 3: 감지 결과 state=idle, info=None
2026-01-21 17:05:56,313 [DEBUG] orchay.application.worker_service: Worker 4: 상태 감지 시작 (현재=busy, task=None, has_active_task=False)
2026-01-21 17:05:56,323 [DEBUG] orchay.application.worker_service: Worker 4: 감지 결과 state=busy, info=None
2026-01-21 17:06:06,196 [DEBUG] orchay.ui.app: _on_auto_refresh: _tick 시작 (paused=True)
2026-01-21 17:06:06,196 [DEBUG] orchay.main: _tick 시작
2026-01-21 17:06:06,288 [DEBUG] orchay.application.task_service: Task 병합 완료: 39개
2026-01-21 17:06:06,288 [DEBUG] orchay.application.worker_service: Worker 1: 상태 감지 시작 (현재=idle, task=None, has_active_task=False)
2026-01-21 17:06:06,296 [DEBUG] orchay.application.worker_service: Worker 1: 감지 결과 state=idle, info=None
2026-01-21 17:06:06,296 [DEBUG] orchay.application.worker_service: Worker 2: 상태 감지 시작 (현재=idle, task=None, has_active_task=False)
2026-01-21 17:06:06,305 [DEBUG] orchay.application.worker_service: Worker 2: 감지 결과 state=idle, info=None
2026-01-21 17:06:06,305 [DEBUG] orchay.application.worker_service: Worker 3: 상태 감지 시작 (현재=idle, task=None, has_active_task=False)
2026-01-21 17:06:06,321 [DEBUG] orchay.application.worker_service: Worker 3: 감지 결과 state=idle, info=None
2026-01-21 17:06:06,321 [DEBUG] orchay.application.worker_service: Worker 4: 상태 감지 시작 (현재=busy, task=None, has_active_task=False)
2026-01-21 17:06:06,331 [DEBUG] orchay.application.worker_service: Worker 4: 감지 결과 state=busy, info=None
2026-01-21 17:06:16,197 [DEBUG] orchay.ui.app: _on_auto_refresh: _tick 시작 (paused=True)
2026-01-21 17:06:16,197 [DEBUG] orchay.main: _tick 시작
2026-01-21 17:06:16,347 [DEBUG] orchay.application.task_service: Task 병합 완료: 39개
2026-01-21 17:06:16,347 [DEBUG] orchay.application.worker_service: Worker 1: 상태 감지 시작 (현재=idle, task=None, has_active_task=False)
2026-01-21 17:06:16,357 [DEBUG] orchay.application.worker_service: Worker 1: 감지 결과 state=idle, info=None
2026-01-21 17:06:16,357 [DEBUG] orchay.application.worker_service: Worker 2: 상태 감지 시작 (현재=idle, task=None, has_active_task=False)
2026-01-21 17:06:16,365 [DEBUG] orchay.application.worker_service: Worker 2: 감지 결과 state=idle, info=None
2026-01-21 17:06:16,365 [DEBUG] orchay.application.worker_service: Worker 3: 상태 감지 시작 (현재=idle, task=None, has_active_task=False)
2026-01-21 17:06:16,373 [DEBUG] orchay.application.worker_service: Worker 3: 감지 결과 state=idle, info=None
2026-01-21 17:06:16,373 [DEBUG] orchay.application.worker_service: Worker 4: 상태 감지 시작 (현재=busy, task=None, has_active_task=False)
2026-01-21 17:06:16,381 [DEBUG] orchay.application.worker_service: Worker 4: 감지 결과 state=busy, info=None
2026-01-21 17:06:26,203 [DEBUG] orchay.ui.app: _on_auto_refresh: _tick 시작 (paused=True)
2026-01-21 17:06:26,203 [DEBUG] orchay.main: _tick 시작
2026-01-21 17:06:26,278 [DEBUG] orchay.application.task_service: Task 병합 완료: 39개
2026-01-21 17:06:26,278 [DEBUG] orchay.application.worker_service: Worker 1: 상태 감지 시작 (현재=idle, task=None, has_active_task=False)
2026-01-21 17:06:26,287 [DEBUG] orchay.application.worker_service: Worker 1: 감지 결과 state=idle, info=None
2026-01-21 17:06:26,287 [DEBUG] orchay.application.worker_service: Worker 2: 상태 감지 시작 (현재=idle, task=None, has_active_task=False)
2026-01-21 17:06:26,295 [DEBUG] orchay.application.worker_service: Worker 2: 감지 결과 state=idle, info=None
2026-01-21 17:06:26,295 [DEBUG] orchay.application.worker_service: Worker 3: 상태 감지 시작 (현재=idle, task=None, has_active_task=False)
2026-01-21 17:06:26,307 [DEBUG] orchay.application.worker_service: Worker 3: 감지 결과 state=idle, info=None
2026-01-21 17:06:26,307 [DEBUG] orchay.application.worker_service: Worker 4: 상태 감지 시작 (현재=busy, task=None, has_active_task=False)
2026-01-21 17:06:26,318 [DEBUG] orchay.application.worker_service: Worker 4: 감지 결과 state=busy, info=None
2026-01-21 17:06:36,205 [DEBUG] orchay.ui.app: _on_auto_refresh: _tick 시작 (paused=True)
2026-01-21 17:06:36,205 [DEBUG] orchay.main: _tick 시작
2026-01-21 17:06:36,279 [DEBUG] orchay.application.task_service: Task 병합 완료: 39개
2026-01-21 17:06:36,279 [DEBUG] orchay.application.worker_service: Worker 1: 상태 감지 시작 (현재=idle, task=None, has_active_task=False)
2026-01-21 17:06:36,295 [DEBUG] orchay.application.worker_service: Worker 1: 감지 결과 state=idle, info=None
2026-01-21 17:06:36,295 [DEBUG] orchay.application.worker_service: Worker 2: 상태 감지 시작 (현재=idle, task=None, has_active_task=False)
2026-01-21 17:06:36,307 [DEBUG] orchay.application.worker_service: Worker 2: 감지 결과 state=idle, info=None
2026-01-21 17:06:36,307 [DEBUG] orchay.application.worker_service: Worker 3: 상태 감지 시작 (현재=idle, task=None, has_active_task=False)
2026-01-21 17:06:36,323 [DEBUG] orchay.application.worker_service: Worker 3: 감지 결과 state=idle, info=None
2026-01-21 17:06:36,323 [DEBUG] orchay.application.worker_service: Worker 4: 상태 감지 시작 (현재=busy, task=None, has_active_task=False)
2026-01-21 17:06:36,339 [DEBUG] orchay.application.worker_service: Worker 4: 감지 결과 state=busy, info=None
2026-01-21 17:06:46,205 [DEBUG] orchay.ui.app: _on_auto_refresh: _tick 시작 (paused=True)
2026-01-21 17:06:46,206 [DEBUG] orchay.main: _tick 시작
2026-01-21 17:06:46,307 [DEBUG] orchay.application.task_service: Task 병합 완료: 39개
2026-01-21 17:06:46,307 [DEBUG] orchay.application.worker_service: Worker 1: 상태 감지 시작 (현재=idle, task=None, has_active_task=False)
2026-01-21 17:06:46,330 [DEBUG] orchay.application.worker_service: Worker 1: 감지 결과 state=idle, info=None
2026-01-21 17:06:46,331 [DEBUG] orchay.application.worker_service: Worker 2: 상태 감지 시작 (현재=idle, task=None, has_active_task=False)
2026-01-21 17:06:46,345 [DEBUG] orchay.application.worker_service: Worker 2: 감지 결과 state=idle, info=None
2026-01-21 17:06:46,346 [DEBUG] orchay.application.worker_service: Worker 3: 상태 감지 시작 (현재=idle, task=None, has_active_task=False)
2026-01-21 17:06:46,363 [DEBUG] orchay.application.worker_service: Worker 3: 감지 결과 state=idle, info=None
2026-01-21 17:06:46,364 [DEBUG] orchay.application.worker_service: Worker 4: 상태 감지 시작 (현재=busy, task=None, has_active_task=False)
2026-01-21 17:06:46,379 [DEBUG] orchay.application.worker_service: Worker 4: 감지 결과 state=busy, info=None
2026-01-21 17:06:56,202 [DEBUG] orchay.ui.app: _on_auto_refresh: _tick 시작 (paused=True)
2026-01-21 17:06:56,203 [DEBUG] orchay.main: _tick 시작
2026-01-21 17:06:56,325 [DEBUG] orchay.application.task_service: Task 병합 완료: 39개
2026-01-21 17:06:56,326 [DEBUG] orchay.application.worker_service: Worker 1: 상태 감지 시작 (현재=idle, task=None, has_active_task=False)
2026-01-21 17:06:56,336 [DEBUG] orchay.application.worker_service: Worker 1: 감지 결과 state=idle, info=None
2026-01-21 17:06:56,337 [DEBUG] orchay.application.worker_service: Worker 2: 상태 감지 시작 (현재=idle, task=None, has_active_task=False)
2026-01-21 17:06:56,354 [DEBUG] orchay.application.worker_service: Worker 2: 감지 결과 state=idle, info=None
2026-01-21 17:06:56,354 [DEBUG] orchay.application.worker_service: Worker 3: 상태 감지 시작 (현재=idle, task=None, has_active_task=False)
2026-01-21 17:06:56,367 [DEBUG] orchay.application.worker_service: Worker 3: 감지 결과 state=idle, info=None
2026-01-21 17:06:56,368 [DEBUG] orchay.application.worker_service: Worker 4: 상태 감지 시작 (현재=busy, task=None, has_active_task=False)
2026-01-21 17:06:56,380 [DEBUG] orchay.application.worker_service: Worker 4: 감지 결과 state=busy, info=None
2026-01-21 17:07:06,206 [DEBUG] orchay.ui.app: _on_auto_refresh: _tick 시작 (paused=True)
2026-01-21 17:07:06,207 [DEBUG] orchay.main: _tick 시작
2026-01-21 17:07:06,363 [DEBUG] orchay.application.task_service: Task 병합 완료: 39개
2026-01-21 17:07:06,363 [DEBUG] orchay.application.worker_service: Worker 1: 상태 감지 시작 (현재=idle, task=None, has_active_task=False)
2026-01-21 17:07:06,381 [DEBUG] orchay.application.worker_service: Worker 1: 감지 결과 state=idle, info=None
2026-01-21 17:07:06,382 [DEBUG] orchay.application.worker_service: Worker 2: 상태 감지 시작 (현재=idle, task=None, has_active_task=False)
2026-01-21 17:07:06,395 [DEBUG] orchay.application.worker_service: Worker 2: 감지 결과 state=idle, info=None
2026-01-21 17:07:06,395 [DEBUG] orchay.application.worker_service: Worker 3: 상태 감지 시작 (현재=idle, task=None, has_active_task=False)
2026-01-21 17:07:06,403 [DEBUG] orchay.application.worker_service: Worker 3: 감지 결과 state=idle, info=None
2026-01-21 17:07:06,403 [DEBUG] orchay.application.worker_service: Worker 4: 상태 감지 시작 (현재=busy, task=None, has_active_task=False)
2026-01-21 17:07:06,412 [DEBUG] orchay.application.worker_service: Worker 4: 감지 결과 state=busy, info=None
2026-01-21 17:07:16,206 [DEBUG] orchay.ui.app: _on_auto_refresh: _tick 시작 (paused=True)
2026-01-21 17:07:16,207 [DEBUG] orchay.main: _tick 시작
2026-01-21 17:07:16,302 [DEBUG] orchay.application.task_service: Task 병합 완료: 39개
2026-01-21 17:07:16,303 [DEBUG] orchay.application.worker_service: Worker 1: 상태 감지 시작 (현재=idle, task=None, has_active_task=False)
2026-01-21 17:07:16,319 [DEBUG] orchay.application.worker_service: Worker 1: 감지 결과 state=idle, info=None
2026-01-21 17:07:16,319 [DEBUG] orchay.application.worker_service: Worker 2: 상태 감지 시작 (현재=idle, task=None, has_active_task=False)
2026-01-21 17:07:16,333 [DEBUG] orchay.application.worker_service: Worker 2: 감지 결과 state=idle, info=None
2026-01-21 17:07:16,333 [DEBUG] orchay.application.worker_service: Worker 3: 상태 감지 시작 (현재=idle, task=None, has_active_task=False)
2026-01-21 17:07:16,346 [DEBUG] orchay.application.worker_service: Worker 3: 감지 결과 state=idle, info=None
2026-01-21 17:07:16,347 [DEBUG] orchay.application.worker_service: Worker 4: 상태 감지 시작 (현재=busy, task=None, has_active_task=False)
2026-01-21 17:07:16,363 [DEBUG] orchay.application.worker_service: Worker 4: 감지 결과 state=busy, info=None
2026-01-21 17:07:26,206 [DEBUG] orchay.ui.app: _on_auto_refresh: _tick 시작 (paused=True)
2026-01-21 17:07:26,207 [DEBUG] orchay.main: _tick 시작
2026-01-21 17:07:26,303 [DEBUG] orchay.application.task_service: Task 병합 완료: 39개
2026-01-21 17:07:26,303 [DEBUG] orchay.application.worker_service: Worker 1: 상태 감지 시작 (현재=idle, task=None, has_active_task=False)
2026-01-21 17:07:26,318 [DEBUG] orchay.application.worker_service: Worker 1: 감지 결과 state=idle, info=None
2026-01-21 17:07:26,318 [DEBUG] orchay.application.worker_service: Worker 2: 상태 감지 시작 (현재=idle, task=None, has_active_task=False)
2026-01-21 17:07:26,334 [DEBUG] orchay.application.worker_service: Worker 2: 감지 결과 state=idle, info=None
2026-01-21 17:07:26,334 [DEBUG] orchay.application.worker_service: Worker 3: 상태 감지 시작 (현재=idle, task=None, has_active_task=False)
2026-01-21 17:07:26,348 [DEBUG] orchay.application.worker_service: Worker 3: 감지 결과 state=idle, info=None
2026-01-21 17:07:26,348 [DEBUG] orchay.application.worker_service: Worker 4: 상태 감지 시작 (현재=busy, task=None, has_active_task=False)
2026-01-21 17:07:26,363 [DEBUG] orchay.application.worker_service: Worker 4: 감지 결과 state=busy, info=None
2026-01-21 17:07:36,197 [DEBUG] orchay.ui.app: _on_auto_refresh: _tick 시작 (paused=True)
2026-01-21 17:07:36,197 [DEBUG] orchay.main: _tick 시작
2026-01-21 17:07:36,272 [DEBUG] orchay.application.task_service: Task 병합 완료: 39개
2026-01-21 17:07:36,272 [DEBUG] orchay.application.worker_service: Worker 1: 상태 감지 시작 (현재=idle, task=None, has_active_task=False)
2026-01-21 17:07:36,280 [DEBUG] orchay.application.worker_service: Worker 1: 감지 결과 state=idle, info=None
2026-01-21 17:07:36,281 [DEBUG] orchay.application.worker_service: Worker 2: 상태 감지 시작 (현재=idle, task=None, has_active_task=False)
2026-01-21 17:07:36,289 [DEBUG] orchay.application.worker_service: Worker 2: 감지 결과 state=idle, info=None
2026-01-21 17:07:36,289 [DEBUG] orchay.application.worker_service: Worker 3: 상태 감지 시작 (현재=idle, task=None, has_active_task=False)
2026-01-21 17:07:36,297 [DEBUG] orchay.application.worker_service: Worker 3: 감지 결과 state=idle, info=None
2026-01-21 17:07:36,298 [DEBUG] orchay.application.worker_service: Worker 4: 상태 감지 시작 (현재=busy, task=None, has_active_task=False)
2026-01-21 17:07:36,306 [DEBUG] orchay.application.worker_service: Worker 4: 감지 결과 state=busy, info=None
2026-01-21 17:07:46,206 [DEBUG] orchay.ui.app: _on_auto_refresh: _tick 시작 (paused=True)
2026-01-21 17:07:46,206 [DEBUG] orchay.main: _tick 시작
2026-01-21 17:07:46,344 [DEBUG] orchay.application.task_service: Task 병합 완료: 39개
2026-01-21 17:07:46,344 [DEBUG] orchay.application.worker_service: Worker 1: 상태 감지 시작 (현재=idle, task=None, has_active_task=False)
2026-01-21 17:07:46,353 [DEBUG] orchay.application.worker_service: Worker 1: 감지 결과 state=idle, info=None
2026-01-21 17:07:46,353 [DEBUG] orchay.application.worker_service: Worker 2: 상태 감지 시작 (현재=idle, task=None, has_active_task=False)
2026-01-21 17:07:46,361 [DEBUG] orchay.application.worker_service: Worker 2: 감지 결과 state=idle, info=None
2026-01-21 17:07:46,361 [DEBUG] orchay.application.worker_service: Worker 3: 상태 감지 시작 (현재=idle, task=None, has_active_task=False)
2026-01-21 17:07:46,369 [DEBUG] orchay.application.worker_service: Worker 3: 감지 결과 state=idle, info=None
2026-01-21 17:07:46,369 [DEBUG] orchay.application.worker_service: Worker 4: 상태 감지 시작 (현재=busy, task=None, has_active_task=False)
2026-01-21 17:07:46,378 [DEBUG] orchay.application.worker_service: Worker 4: 감지 결과 state=busy, info=None
2026-01-21 17:07:56,201 [DEBUG] orchay.ui.app: _on_auto_refresh: _tick 시작 (paused=True)
2026-01-21 17:07:56,202 [DEBUG] orchay.main: _tick 시작
2026-01-21 17:07:56,279 [DEBUG] orchay.application.task_service: Task 병합 완료: 39개
2026-01-21 17:07:56,279 [DEBUG] orchay.application.worker_service: Worker 1: 상태 감지 시작 (현재=idle, task=None, has_active_task=False)
2026-01-21 17:07:56,289 [DEBUG] orchay.application.worker_service: Worker 1: 감지 결과 state=idle, info=None
2026-01-21 17:07:56,289 [DEBUG] orchay.application.worker_service: Worker 2: 상태 감지 시작 (현재=idle, task=None, has_active_task=False)
2026-01-21 17:07:56,300 [DEBUG] orchay.application.worker_service: Worker 2: 감지 결과 state=idle, info=None
2026-01-21 17:07:56,300 [DEBUG] orchay.application.worker_service: Worker 3: 상태 감지 시작 (현재=idle, task=None, has_active_task=False)
2026-01-21 17:07:56,311 [DEBUG] orchay.application.worker_service: Worker 3: 감지 결과 state=idle, info=None
2026-01-21 17:07:56,311 [DEBUG] orchay.application.worker_service: Worker 4: 상태 감지 시작 (현재=busy, task=None, has_active_task=False)
2026-01-21 17:07:56,333 [DEBUG] orchay.application.worker_service: Worker 4: 감지 결과 state=busy, info=None
2026-01-21 17:08:06,205 [DEBUG] orchay.ui.app: _on_auto_refresh: _tick 시작 (paused=True)
2026-01-21 17:08:06,205 [DEBUG] orchay.main: _tick 시작
2026-01-21 17:08:06,278 [DEBUG] orchay.application.task_service: Task 병합 완료: 39개
2026-01-21 17:08:06,278 [DEBUG] orchay.application.worker_service: Worker 1: 상태 감지 시작 (현재=idle, task=None, has_active_task=False)
2026-01-21 17:08:06,288 [DEBUG] orchay.application.worker_service: Worker 1: 감지 결과 state=idle, info=None
2026-01-21 17:08:06,288 [DEBUG] orchay.application.worker_service: Worker 2: 상태 감지 시작 (현재=idle, task=None, has_active_task=False)
2026-01-21 17:08:06,298 [DEBUG] orchay.application.worker_service: Worker 2: 감지 결과 state=idle, info=None
2026-01-21 17:08:06,298 [DEBUG] orchay.application.worker_service: Worker 3: 상태 감지 시작 (현재=idle, task=None, has_active_task=False)
2026-01-21 17:08:06,310 [DEBUG] orchay.application.worker_service: Worker 3: 감지 결과 state=idle, info=None
2026-01-21 17:08:06,311 [DEBUG] orchay.application.worker_service: Worker 4: 상태 감지 시작 (현재=busy, task=None, has_active_task=False)
2026-01-21 17:08:06,331 [DEBUG] orchay.application.worker_service: Worker 4: 감지 결과 state=busy, info=None
2026-01-21 17:08:16,205 [DEBUG] orchay.ui.app: _on_auto_refresh: _tick 시작 (paused=True)
2026-01-21 17:08:16,205 [DEBUG] orchay.main: _tick 시작
2026-01-21 17:08:16,358 [DEBUG] orchay.application.task_service: Task 병합 완료: 39개
2026-01-21 17:08:16,358 [DEBUG] orchay.application.worker_service: Worker 1: 상태 감지 시작 (현재=idle, task=None, has_active_task=False)
2026-01-21 17:08:16,372 [DEBUG] orchay.application.worker_service: Worker 1: 감지 결과 state=idle, info=None
2026-01-21 17:08:16,372 [DEBUG] orchay.application.worker_service: Worker 2: 상태 감지 시작 (현재=idle, task=None, has_active_task=False)
2026-01-21 17:08:16,390 [DEBUG] orchay.application.worker_service: Worker 2: 감지 결과 state=idle, info=None
2026-01-21 17:08:16,390 [DEBUG] orchay.application.worker_service: Worker 3: 상태 감지 시작 (현재=idle, task=None, has_active_task=False)
2026-01-21 17:08:16,402 [DEBUG] orchay.application.worker_service: Worker 3: 감지 결과 state=idle, info=None
2026-01-21 17:08:16,402 [DEBUG] orchay.application.worker_service: Worker 4: 상태 감지 시작 (현재=busy, task=None, has_active_task=False)
2026-01-21 17:08:16,419 [DEBUG] orchay.application.worker_service: Worker 4: 감지 결과 state=idle, info=None
